This is pdfTeX, Version 3.1415926-2.3-1.40.12 (MiKTeX 2.9) (preloaded format=pdflatex 2012.12.10)  20 JAN 2015 20:55
entering extended mode
**lab_report_1.tex

("E:\Fichiers\Work\ENS 2014-2015\Numerical images\MVA_TonalStabilization\Report
\lab_report_1.tex"
LaTeX2e <2011/06/27>
Babel <v3.8m> and hyphenation patterns for english, afrikaans, ancientgreek, ar
abic, armenian, assamese, basque, bengali, bokmal, bulgarian, catalan, coptic, 
croatian, czech, danish, dutch, esperanto, estonian, farsi, finnish, french, ga
lician, german, german-x-2009-06-19, greek, gujarati, hindi, hungarian, iceland
ic, indonesian, interlingua, irish, italian, kannada, kurmanji, lao, latin, lat
vian, lithuanian, malayalam, marathi, mongolian, mongolianlmc, monogreek, ngerm
an, ngerman-x-2009-06-19, nynorsk, oriya, panjabi, pinyin, polish, portuguese, 
romanian, russian, sanskrit, serbian, slovak, slovenian, spanish, swedish, swis
sgerman, tamil, telugu, turkish, turkmen, ukenglish, ukrainian, uppersorbian, u
senglishmax, welsh, loaded.
("E:\Systeme\Program Files\MikTex\tex\latex\base\article.cls"
Document Class: article 2007/10/19 v1.4h Standard LaTeX document class
("E:\Systeme\Program Files\MikTex\tex\latex\base\size10.clo"
File: size10.clo 2007/10/19 v1.4h Standard LaTeX file (size option)
)
\c@part=\count79
\c@section=\count80
\c@subsection=\count81
\c@subsubsection=\count82
\c@paragraph=\count83
\c@subparagraph=\count84
\c@figure=\count85
\c@table=\count86
\abovecaptionskip=\skip41
\belowcaptionskip=\skip42
\bibindent=\dimen102
)
("E:\Systeme\Program Files\MikTex\tex\latex\graphics\graphicx.sty"
Package: graphicx 1999/02/16 v1.0f Enhanced LaTeX Graphics (DPC,SPQR)

("E:\Systeme\Program Files\MikTex\tex\latex\graphics\keyval.sty"
Package: keyval 1999/03/16 v1.13 key=value parser (DPC)
\KV@toks@=\toks14
)
("E:\Systeme\Program Files\MikTex\tex\latex\graphics\graphics.sty"
Package: graphics 2009/02/05 v1.0o Standard LaTeX Graphics (DPC,SPQR)

("E:\Systeme\Program Files\MikTex\tex\latex\graphics\trig.sty"
Package: trig 1999/03/16 v1.09 sin cos tan (DPC)
)
("E:\Systeme\Program Files\MikTex\tex\latex\00miktex\graphics.cfg"
File: graphics.cfg 2007/01/18 v1.5 graphics configuration of teTeX/TeXLive
)
Package graphics Info: Driver file: pdftex.def on input line 91.

("E:\Systeme\Program Files\MikTex\tex\latex\pdftex-def\pdftex.def"
File: pdftex.def 2011/05/27 v0.06d Graphics/color for pdfTeX

("E:\Systeme\Program Files\MikTex\tex\generic\oberdiek\infwarerr.sty"
Package: infwarerr 2010/04/08 v1.3 Providing info/warning/error messages (HO)
)
("E:\Systeme\Program Files\MikTex\tex\generic\oberdiek\ltxcmds.sty"
Package: ltxcmds 2011/11/09 v1.22 LaTeX kernel commands for general use (HO)
)
\Gread@gobject=\count87
))
\Gin@req@height=\dimen103
\Gin@req@width=\dimen104
)
("E:\Systeme\Program Files\MikTex\tex\generic\babel\babel.sty"
Package: babel 2008/07/08 v3.8m The Babel package

*************************************
* Local config file bblopts.cfg used
*
("E:\Systeme\Program Files\MikTex\tex\latex\00miktex\bblopts.cfg"
File: bblopts.cfg 2006/07/31 v1.0 MiKTeX 'babel' configuration
)
("E:\Systeme\Program Files\MikTex\tex\generic\babel\frenchb.ldf"
Language: frenchb 2009/03/16 v2.3d French support from the babel system

("E:\Systeme\Program Files\MikTex\tex\generic\babel\babel.def"
File: babel.def 2008/07/08 v3.8m Babel common definitions
\babel@savecnt=\count88
\U@D=\dimen105
)
Package babel Info: Making : an active character on input line 120.
Package babel Info: Making ; an active character on input line 121.
Package babel Info: Making ! an active character on input line 122.
Package babel Info: Making ? an active character on input line 123.
\FB@Mht=\dimen106
\std@mcc=\count89
\dec@mcc=\count90
\parindentFFN=\dimen107

*************************************
* Local config file frenchb.cfg used
*
("E:\Systeme\Program Files\MikTex\tex\generic\babel\frenchb.cfg")))
("E:\Systeme\Program Files\MikTex\tex\latex\carlisle\scalefnt.sty")
("E:\Systeme\Program Files\MikTex\tex\latex\base\inputenc.sty"
Package: inputenc 2008/03/30 v1.1d Input encoding file
\inpenc@prehook=\toks15
\inpenc@posthook=\toks16

("E:\Systeme\Program Files\MikTex\tex\latex\base\utf8.def"
File: utf8.def 2008/04/05 v1.1m UTF-8 support for inputenc
Now handling font encoding OML ...
... no UTF-8 mapping file for font encoding OML
Now handling font encoding T1 ...
... processing UTF-8 mapping file for font encoding T1

("E:\Systeme\Program Files\MikTex\tex\latex\base\t1enc.dfu"
File: t1enc.dfu 2008/04/05 v1.1m UTF-8 support for inputenc
   defining Unicode char U+00A1 (decimal 161)
   defining Unicode char U+00A3 (decimal 163)
   defining Unicode char U+00AB (decimal 171)
   defining Unicode char U+00BB (decimal 187)
   defining Unicode char U+00BF (decimal 191)
   defining Unicode char U+00C0 (decimal 192)
   defining Unicode char U+00C1 (decimal 193)
   defining Unicode char U+00C2 (decimal 194)
   defining Unicode char U+00C3 (decimal 195)
   defining Unicode char U+00C4 (decimal 196)
   defining Unicode char U+00C5 (decimal 197)
   defining Unicode char U+00C6 (decimal 198)
   defining Unicode char U+00C7 (decimal 199)
   defining Unicode char U+00C8 (decimal 200)
   defining Unicode char U+00C9 (decimal 201)
   defining Unicode char U+00CA (decimal 202)
   defining Unicode char U+00CB (decimal 203)
   defining Unicode char U+00CC (decimal 204)
   defining Unicode char U+00CD (decimal 205)
   defining Unicode char U+00CE (decimal 206)
   defining Unicode char U+00CF (decimal 207)
   defining Unicode char U+00D0 (decimal 208)
   defining Unicode char U+00D1 (decimal 209)
   defining Unicode char U+00D2 (decimal 210)
   defining Unicode char U+00D3 (decimal 211)
   defining Unicode char U+00D4 (decimal 212)
   defining Unicode char U+00D5 (decimal 213)
   defining Unicode char U+00D6 (decimal 214)
   defining Unicode char U+00D8 (decimal 216)
   defining Unicode char U+00D9 (decimal 217)
   defining Unicode char U+00DA (decimal 218)
   defining Unicode char U+00DB (decimal 219)
   defining Unicode char U+00DC (decimal 220)
   defining Unicode char U+00DD (decimal 221)
   defining Unicode char U+00DE (decimal 222)
   defining Unicode char U+00DF (decimal 223)
   defining Unicode char U+00E0 (decimal 224)
   defining Unicode char U+00E1 (decimal 225)
   defining Unicode char U+00E2 (decimal 226)
   defining Unicode char U+00E3 (decimal 227)
   defining Unicode char U+00E4 (decimal 228)
   defining Unicode char U+00E5 (decimal 229)
   defining Unicode char U+00E6 (decimal 230)
   defining Unicode char U+00E7 (decimal 231)
   defining Unicode char U+00E8 (decimal 232)
   defining Unicode char U+00E9 (decimal 233)
   defining Unicode char U+00EA (decimal 234)
   defining Unicode char U+00EB (decimal 235)
   defining Unicode char U+00EC (decimal 236)
   defining Unicode char U+00ED (decimal 237)
   defining Unicode char U+00EE (decimal 238)
   defining Unicode char U+00EF (decimal 239)
   defining Unicode char U+00F0 (decimal 240)
   defining Unicode char U+00F1 (decimal 241)
   defining Unicode char U+00F2 (decimal 242)
   defining Unicode char U+00F3 (decimal 243)
   defining Unicode char U+00F4 (decimal 244)
   defining Unicode char U+00F5 (decimal 245)
   defining Unicode char U+00F6 (decimal 246)
   defining Unicode char U+00F8 (decimal 248)
   defining Unicode char U+00F9 (decimal 249)
   defining Unicode char U+00FA (decimal 250)
   defining Unicode char U+00FB (decimal 251)
   defining Unicode char U+00FC (decimal 252)
   defining Unicode char U+00FD (decimal 253)
   defining Unicode char U+00FE (decimal 254)
   defining Unicode char U+00FF (decimal 255)
   defining Unicode char U+0102 (decimal 258)
   defining Unicode char U+0103 (decimal 259)
   defining Unicode char U+0104 (decimal 260)
   defining Unicode char U+0105 (decimal 261)
   defining Unicode char U+0106 (decimal 262)
   defining Unicode char U+0107 (decimal 263)
   defining Unicode char U+010C (decimal 268)
   defining Unicode char U+010D (decimal 269)
   defining Unicode char U+010E (decimal 270)
   defining Unicode char U+010F (decimal 271)
   defining Unicode char U+0110 (decimal 272)
   defining Unicode char U+0111 (decimal 273)
   defining Unicode char U+0118 (decimal 280)
   defining Unicode char U+0119 (decimal 281)
   defining Unicode char U+011A (decimal 282)
   defining Unicode char U+011B (decimal 283)
   defining Unicode char U+011E (decimal 286)
   defining Unicode char U+011F (decimal 287)
   defining Unicode char U+0130 (decimal 304)
   defining Unicode char U+0131 (decimal 305)
   defining Unicode char U+0132 (decimal 306)
   defining Unicode char U+0133 (decimal 307)
   defining Unicode char U+0139 (decimal 313)
   defining Unicode char U+013A (decimal 314)
   defining Unicode char U+013D (decimal 317)
   defining Unicode char U+013E (decimal 318)
   defining Unicode char U+0141 (decimal 321)
   defining Unicode char U+0142 (decimal 322)
   defining Unicode char U+0143 (decimal 323)
   defining Unicode char U+0144 (decimal 324)
   defining Unicode char U+0147 (decimal 327)
   defining Unicode char U+0148 (decimal 328)
   defining Unicode char U+014A (decimal 330)
   defining Unicode char U+014B (decimal 331)
   defining Unicode char U+0150 (decimal 336)
   defining Unicode char U+0151 (decimal 337)
   defining Unicode char U+0152 (decimal 338)
   defining Unicode char U+0153 (decimal 339)
   defining Unicode char U+0154 (decimal 340)
   defining Unicode char U+0155 (decimal 341)
   defining Unicode char U+0158 (decimal 344)
   defining Unicode char U+0159 (decimal 345)
   defining Unicode char U+015A (decimal 346)
   defining Unicode char U+015B (decimal 347)
   defining Unicode char U+015E (decimal 350)
   defining Unicode char U+015F (decimal 351)
   defining Unicode char U+0160 (decimal 352)
   defining Unicode char U+0161 (decimal 353)
   defining Unicode char U+0162 (decimal 354)
   defining Unicode char U+0163 (decimal 355)
   defining Unicode char U+0164 (decimal 356)
   defining Unicode char U+0165 (decimal 357)
   defining Unicode char U+016E (decimal 366)
   defining Unicode char U+016F (decimal 367)
   defining Unicode char U+0170 (decimal 368)
   defining Unicode char U+0171 (decimal 369)
   defining Unicode char U+0178 (decimal 376)
   defining Unicode char U+0179 (decimal 377)
   defining Unicode char U+017A (decimal 378)
   defining Unicode char U+017B (decimal 379)
   defining Unicode char U+017C (decimal 380)
   defining Unicode char U+017D (decimal 381)
   defining Unicode char U+017E (decimal 382)
   defining Unicode char U+200C (decimal 8204)
   defining Unicode char U+2013 (decimal 8211)
   defining Unicode char U+2014 (decimal 8212)
   defining Unicode char U+2018 (decimal 8216)
   defining Unicode char U+2019 (decimal 8217)
   defining Unicode char U+201A (decimal 8218)
   defining Unicode char U+201C (decimal 8220)
   defining Unicode char U+201D (decimal 8221)
   defining Unicode char U+201E (decimal 8222)
   defining Unicode char U+2030 (decimal 8240)
   defining Unicode char U+2031 (decimal 8241)
   defining Unicode char U+2039 (decimal 8249)
   defining Unicode char U+203A (decimal 8250)
   defining Unicode char U+2423 (decimal 9251)
)
Now handling font encoding OT1 ...
... processing UTF-8 mapping file for font encoding OT1

("E:\Systeme\Program Files\MikTex\tex\latex\base\ot1enc.dfu"
File: ot1enc.dfu 2008/04/05 v1.1m UTF-8 support for inputenc
   defining Unicode char U+00A1 (decimal 161)
   defining Unicode char U+00A3 (decimal 163)
   defining Unicode char U+00B8 (decimal 184)
   defining Unicode char U+00BF (decimal 191)
   defining Unicode char U+00C5 (decimal 197)
   defining Unicode char U+00C6 (decimal 198)
   defining Unicode char U+00D8 (decimal 216)
   defining Unicode char U+00DF (decimal 223)
   defining Unicode char U+00E6 (decimal 230)
   defining Unicode char U+00EC (decimal 236)
   defining Unicode char U+00ED (decimal 237)
   defining Unicode char U+00EE (decimal 238)
   defining Unicode char U+00EF (decimal 239)
   defining Unicode char U+00F8 (decimal 248)
   defining Unicode char U+0131 (decimal 305)
   defining Unicode char U+0141 (decimal 321)
   defining Unicode char U+0142 (decimal 322)
   defining Unicode char U+0152 (decimal 338)
   defining Unicode char U+0153 (decimal 339)
   defining Unicode char U+2013 (decimal 8211)
   defining Unicode char U+2014 (decimal 8212)
   defining Unicode char U+2018 (decimal 8216)
   defining Unicode char U+2019 (decimal 8217)
   defining Unicode char U+201C (decimal 8220)
   defining Unicode char U+201D (decimal 8221)
)
Now handling font encoding OMS ...
... processing UTF-8 mapping file for font encoding OMS

("E:\Systeme\Program Files\MikTex\tex\latex\base\omsenc.dfu"
File: omsenc.dfu 2008/04/05 v1.1m UTF-8 support for inputenc
   defining Unicode char U+00A7 (decimal 167)
   defining Unicode char U+00B6 (decimal 182)
   defining Unicode char U+00B7 (decimal 183)
   defining Unicode char U+2020 (decimal 8224)
   defining Unicode char U+2021 (decimal 8225)
   defining Unicode char U+2022 (decimal 8226)
)
Now handling font encoding OMX ...
... no UTF-8 mapping file for font encoding OMX
Now handling font encoding U ...
... no UTF-8 mapping file for font encoding U
   defining Unicode char U+00A9 (decimal 169)
   defining Unicode char U+00AA (decimal 170)
   defining Unicode char U+00AE (decimal 174)
   defining Unicode char U+00BA (decimal 186)
   defining Unicode char U+02C6 (decimal 710)
   defining Unicode char U+02DC (decimal 732)
   defining Unicode char U+200C (decimal 8204)
   defining Unicode char U+2026 (decimal 8230)
   defining Unicode char U+2122 (decimal 8482)
   defining Unicode char U+2423 (decimal 9251)
))
("E:\Systeme\Program Files\MikTex\tex\latex\base\fontenc.sty"
Package: fontenc 2005/09/27 v1.99g Standard LaTeX package

("E:\Systeme\Program Files\MikTex\tex\latex\base\t1enc.def"
File: t1enc.def 2005/09/27 v1.99g Standard LaTeX file
LaTeX Font Info:    Redeclaring font encoding T1 on input line 43.
))
("E:\Systeme\Program Files\MikTex\tex\latex\ams\math\amsmath.sty"
Package: amsmath 2000/07/18 v2.13 AMS math features
\@mathmargin=\skip43

For additional information on amsmath, use the `?' option.
("E:\Systeme\Program Files\MikTex\tex\latex\ams\math\amstext.sty"
Package: amstext 2000/06/29 v2.01

("E:\Systeme\Program Files\MikTex\tex\latex\ams\math\amsgen.sty"
File: amsgen.sty 1999/11/30 v2.0
\@emptytoks=\toks17
\ex@=\dimen108
))
("E:\Systeme\Program Files\MikTex\tex\latex\ams\math\amsbsy.sty"
Package: amsbsy 1999/11/29 v1.2d
\pmbraise@=\dimen109
)
("E:\Systeme\Program Files\MikTex\tex\latex\ams\math\amsopn.sty"
Package: amsopn 1999/12/14 v2.01 operator names
)
\inf@bad=\count91
LaTeX Info: Redefining \frac on input line 211.
\uproot@=\count92
\leftroot@=\count93
LaTeX Info: Redefining \overline on input line 307.
\classnum@=\count94
\DOTSCASE@=\count95
LaTeX Info: Redefining \ldots on input line 379.
LaTeX Info: Redefining \dots on input line 382.
LaTeX Info: Redefining \cdots on input line 467.
\Mathstrutbox@=\box26
\strutbox@=\box27
\big@size=\dimen110
LaTeX Font Info:    Redeclaring font encoding OML on input line 567.
LaTeX Font Info:    Redeclaring font encoding OMS on input line 568.
\macc@depth=\count96
\c@MaxMatrixCols=\count97
\dotsspace@=\muskip10
\c@parentequation=\count98
\dspbrk@lvl=\count99
\tag@help=\toks18
\row@=\count100
\column@=\count101
\maxfields@=\count102
\andhelp@=\toks19
\eqnshift@=\dimen111
\alignsep@=\dimen112
\tagshift@=\dimen113
\tagwidth@=\dimen114
\totwidth@=\dimen115
\lineht@=\dimen116
\@envbody=\toks20
\multlinegap=\skip44
\multlinetaggap=\skip45
\mathdisplay@stack=\toks21
LaTeX Info: Redefining \[ on input line 2666.
LaTeX Info: Redefining \] on input line 2667.
)
("E:\Systeme\Program Files\MikTex\tex\latex\float\float.sty"
Package: float 2001/11/08 v1.3d Float enhancements (AL)
\c@float@type=\count103
\float@exts=\toks22
\float@box=\box28
\@float@everytoks=\toks23
\@floatcapt=\box29
)
("E:\Systeme\Program Files\MikTex\tex\latex\hyperref\hyperref.sty"
Package: hyperref 2012/05/13 v6.82q Hypertext links for LaTeX

("E:\Systeme\Program Files\MikTex\tex\generic\oberdiek\hobsub-hyperref.sty"
Package: hobsub-hyperref 2012/04/25 v1.12 Bundle oberdiek, subset hyperref (HO)


("E:\Systeme\Program Files\MikTex\tex\generic\oberdiek\hobsub-generic.sty"
Package: hobsub-generic 2012/04/25 v1.12 Bundle oberdiek, subset generic (HO)
Package: hobsub 2012/04/25 v1.12 Construct package bundles (HO)
Package hobsub Info: Skipping package `infwarerr' (already loaded).
Package hobsub Info: Skipping package `ltxcmds' (already loaded).
Package: ifluatex 2010/03/01 v1.3 Provides the ifluatex switch (HO)
Package ifluatex Info: LuaTeX not detected.
Package: ifvtex 2010/03/01 v1.5 Detect VTeX and its facilities (HO)
Package ifvtex Info: VTeX not detected.
Package: intcalc 2007/09/27 v1.1 Expandable calculations with integers (HO)
Package: ifpdf 2011/01/30 v2.3 Provides the ifpdf switch (HO)
Package ifpdf Info: pdfTeX in PDF mode is detected.
Package: etexcmds 2011/02/16 v1.5 Avoid name clashes with e-TeX commands (HO)
Package etexcmds Info: Could not find \expanded.
(etexcmds)             That can mean that you are not using pdfTeX 1.50 or
(etexcmds)             that some package has redefined \expanded.
(etexcmds)             In the latter case, load this package earlier.
Package: kvsetkeys 2012/04/25 v1.16 Key value parser (HO)
Package: kvdefinekeys 2011/04/07 v1.3 Define keys (HO)
Package: pdftexcmds 2011/11/29 v0.20 Utility functions of pdfTeX for LuaTeX (HO
)
Package pdftexcmds Info: LuaTeX not detected.
Package pdftexcmds Info: \pdf@primitive is available.
Package pdftexcmds Info: \pdf@ifprimitive is available.
Package pdftexcmds Info: \pdfdraftmode found.
Package: pdfescape 2011/11/25 v1.13 Implements pdfTeX's escape features (HO)
Package: bigintcalc 2012/04/08 v1.3 Expandable calculations on big integers (HO
)
Package: bitset 2011/01/30 v1.1 Handle bit-vector datatype (HO)
Package: uniquecounter 2011/01/30 v1.2 Provide unlimited unique counter (HO)
)
Package hobsub Info: Skipping package `hobsub' (already loaded).
Package: letltxmacro 2010/09/02 v1.4 Let assignment for LaTeX macros (HO)
Package: hopatch 2011/06/24 v1.1 Wrapper for package hooks (HO)
Package: xcolor-patch 2011/01/30 xcolor patch
Package: atveryend 2011/06/30 v1.8 Hooks at the very end of document (HO)
Package atveryend Info: \enddocument detected (standard20110627).
Package: atbegshi 2011/10/05 v1.16 At begin shipout hook (HO)
Package: refcount 2011/10/16 v3.4 Data extraction from label references (HO)
Package: hycolor 2011/01/30 v1.7 Color options for hyperref/bookmark (HO)
)
("E:\Systeme\Program Files\MikTex\tex\generic\ifxetex\ifxetex.sty"
Package: ifxetex 2010/09/12 v0.6 Provides ifxetex conditional
)
("E:\Systeme\Program Files\MikTex\tex\latex\oberdiek\kvoptions.sty"
Package: kvoptions 2011/06/30 v3.11 Key value format for package options (HO)
)
\@linkdim=\dimen117
\Hy@linkcounter=\count104
\Hy@pagecounter=\count105

("E:\Systeme\Program Files\MikTex\tex\latex\hyperref\pd1enc.def"
File: pd1enc.def 2012/05/13 v6.82q Hyperref: PDFDocEncoding definition (HO)
Now handling font encoding PD1 ...
... no UTF-8 mapping file for font encoding PD1
)
\Hy@SavedSpaceFactor=\count106

("E:\Systeme\Program Files\MikTex\tex\latex\00miktex\hyperref.cfg"
File: hyperref.cfg 2002/06/06 v1.2 hyperref configuration of TeXLive
)
Package hyperref Info: Hyper figures OFF on input line 4062.
Package hyperref Info: Link nesting OFF on input line 4067.
Package hyperref Info: Hyper index ON on input line 4070.
Package hyperref Info: Plain pages OFF on input line 4077.
Package hyperref Info: Backreferencing OFF on input line 4082.
Package hyperref Info: Implicit mode ON; LaTeX internals redefined.
Package hyperref Info: Bookmarks ON on input line 4300.
\c@Hy@tempcnt=\count107

("E:\Systeme\Program Files\MikTex\tex\latex\ltxmisc\url.sty"
\Urlmuskip=\muskip11
Package: url 2006/04/12  ver 3.3  Verb mode for urls, etc.
)
LaTeX Info: Redefining \url on input line 4653.
\Fld@menulength=\count108
\Field@Width=\dimen118
\Fld@charsize=\dimen119
Package hyperref Info: Hyper figures OFF on input line 5773.
Package hyperref Info: Link nesting OFF on input line 5778.
Package hyperref Info: Hyper index ON on input line 5781.
Package hyperref Info: backreferencing OFF on input line 5788.
Package hyperref Info: Link coloring OFF on input line 5793.
Package hyperref Info: Link coloring with OCG OFF on input line 5798.
Package hyperref Info: PDF/A mode OFF on input line 5803.
LaTeX Info: Redefining \ref on input line 5843.
LaTeX Info: Redefining \pageref on input line 5847.
\Hy@abspage=\count109
\c@Item=\count110
\c@Hfootnote=\count111
)

Package hyperref Message: Driver (autodetected): hpdftex.

("E:\Systeme\Program Files\MikTex\tex\latex\hyperref\hpdftex.def"
File: hpdftex.def 2012/05/13 v6.82q Hyperref driver for pdfTeX
\Fld@listcount=\count112
\c@bookmark@seq@number=\count113

("E:\Systeme\Program Files\MikTex\tex\latex\oberdiek\rerunfilecheck.sty"
Package: rerunfilecheck 2011/04/15 v1.7 Rerun checks for auxiliary files (HO)
Package uniquecounter Info: New unique counter `rerunfilecheck' on input line 2
82.
)
\Hy@SectionHShift=\skip46
)
(C:\Users\athis\AppData\Roaming\MiKTeX\2.9\tex\latex\listings\listings.sty
\lst@mode=\count114
\lst@gtempboxa=\box30
\lst@token=\toks24
\lst@length=\count115
\lst@currlwidth=\dimen120
\lst@column=\count116
\lst@pos=\count117
\lst@lostspace=\dimen121
\lst@width=\dimen122
\lst@newlines=\count118
\lst@lineno=\count119
\lst@maxwidth=\dimen123

(C:\Users\athis\AppData\Roaming\MiKTeX\2.9\tex\latex\listings\lstmisc.sty
File: lstmisc.sty 2007/02/22 1.4 (Carsten Heinz)
\c@lstnumber=\count120
\lst@skipnumbers=\count121
\lst@framebox=\box31
)
(C:\Users\athis\AppData\Roaming\MiKTeX\2.9\tex\latex\listings\listings.cfg
File: listings.cfg 2007/02/22 1.4 listings configuration
))
Package: listings 2007/02/22 1.4 (Carsten Heinz)

("E:\Systeme\Program Files\MikTex\tex\latex\tools\varioref.sty"
Package: varioref 2011/10/02 v1.4z package for extended references (FMi)
\c@vrcnt=\count122
)
("E:\Systeme\Program Files\MikTex\tex\latex\amsfonts\amsfonts.sty"
Package: amsfonts 2009/06/22 v3.00 Basic AMSFonts support
\symAMSa=\mathgroup4
\symAMSb=\mathgroup5
LaTeX Font Info:    Overwriting math alphabet `\mathfrak' in version `bold'
(Font)                  U/euf/m/n --> U/euf/b/n on input line 96.
)
(C:\Users\athis\AppData\Roaming\MiKTeX\2.9\tex\latex\caption\caption.sty
Package: caption 2013/05/02 v3.3-89 Customizing captions (AR)

(C:\Users\athis\AppData\Roaming\MiKTeX\2.9\tex\latex\caption\caption3.sty
Package: caption3 2013/05/02 v1.6-88 caption3 kernel (AR)
Package caption3 Info: TeX engine: e-TeX on input line 57.
\captionmargin=\dimen124
\captionmargin@=\dimen125
\captionwidth=\dimen126
\caption@tempdima=\dimen127
\caption@indent=\dimen128
\caption@parindent=\dimen129
\caption@hangindent=\dimen130
)
\c@ContinuedFloat=\count123
Package caption Info: float package is loaded.
Package caption Info: hyperref package is loaded.
Package caption Info: listings package is loaded.
)
(C:\Users\athis\AppData\Roaming\MiKTeX\2.9\tex\latex\caption\subcaption.sty
Package: subcaption 2013/02/03 v1.1-62 Sub-captions (AR)
\c@subfigure=\count124
\c@subtable=\count125
)
(C:\Users\athis\AppData\Roaming\MiKTeX\2.9\tex\latex\appendix\appendix.sty
Package: appendix 2009/09/02 v1.2b extra appendix facilities
\c@@pps=\count126
\c@@ppsavesec=\count127
\c@@ppsaveapp=\count128
)
("E:\Systeme\Program Files\MikTex\tex\latex\geometry\geometry.sty"
Package: geometry 2010/09/12 v5.6 Page Geometry
\Gm@cnth=\count129
\Gm@cntv=\count130
\c@Gm@tempcnt=\count131
\Gm@bindingoffset=\dimen131
\Gm@wd@mp=\dimen132
\Gm@odd@mp=\dimen133
\Gm@even@mp=\dimen134
\Gm@layoutwidth=\dimen135
\Gm@layoutheight=\dimen136
\Gm@layouthoffset=\dimen137
\Gm@layoutvoffset=\dimen138
\Gm@dimlist=\toks25

("E:\Systeme\Program Files\MikTex\tex\latex\geometry\geometry.cfg"))
("E:\Fichiers\Work\ENS 2014-2015\Numerical images\MVA_TonalStabilization\Report
\lab_report_1.aux"
("E:\Fichiers\Work\ENS 2014-2015\Numerical images\MVA_TonalStabilization\Report
\Chapters/Resume.aux")
("E:\Fichiers\Work\ENS 2014-2015\Numerical images\MVA_TonalStabilization\Report
\Chapters/Proposition.aux")
("E:\Fichiers\Work\ENS 2014-2015\Numerical images\MVA_TonalStabilization\Report
\Chapters/Implementation.aux")
("E:\Fichiers\Work\ENS 2014-2015\Numerical images\MVA_TonalStabilization\Report
\Chapters/Discussions.aux")
("E:\Fichiers\Work\ENS 2014-2015\Numerical images\MVA_TonalStabilization\Report
\Chapters/Annexe.aux"))
LaTeX Font Info:    Checking defaults for OML/cmm/m/it on input line 28.
LaTeX Font Info:    ... okay on input line 28.
LaTeX Font Info:    Checking defaults for T1/cmr/m/n on input line 28.
LaTeX Font Info:    ... okay on input line 28.
LaTeX Font Info:    Checking defaults for OT1/cmr/m/n on input line 28.
LaTeX Font Info:    ... okay on input line 28.
LaTeX Font Info:    Checking defaults for OMS/cmsy/m/n on input line 28.
LaTeX Font Info:    ... okay on input line 28.
LaTeX Font Info:    Checking defaults for OMX/cmex/m/n on input line 28.
LaTeX Font Info:    ... okay on input line 28.
LaTeX Font Info:    Checking defaults for U/cmr/m/n on input line 28.
LaTeX Font Info:    ... okay on input line 28.
LaTeX Font Info:    Checking defaults for PD1/pdf/m/n on input line 28.
LaTeX Font Info:    ... okay on input line 28.

(C:\Users\athis\AppData\Roaming\MiKTeX\2.9\tex\context\base\supp-pdf.mkii
[Loading MPS to PDF converter (version 2006.09.02).]
\scratchcounter=\count132
\scratchdimen=\dimen139
\scratchbox=\box32
\nofMPsegments=\count133
\nofMParguments=\count134
\everyMPshowfont=\toks26
\MPscratchCnt=\count135
\MPscratchDim=\dimen140
\MPnumerator=\count136
\makeMPintoPDFobject=\count137
\everyMPtoPDFconversion=\toks27
)
LaTeX Info: Redefining \degres on input line 28.
LaTeX Info: Redefining \dots on input line 28.
LaTeX Info: Redefining \up on input line 28.
\AtBeginShipoutBox=\box33
Package hyperref Info: Link coloring OFF on input line 28.
 ("E:\Systeme\Program Files\MikTex\tex\latex\hyperref\nameref.sty"
Package: nameref 2010/04/30 v2.40 Cross-referencing by name of section

("E:\Systeme\Program Files\MikTex\tex\generic\oberdiek\gettitlestring.sty"
Package: gettitlestring 2010/12/03 v1.4 Cleanup title references (HO)
)
\c@section@level=\count138
LaTeX Info: Redefining \Ref on input line 498.
)
LaTeX Info: Redefining \ref on input line 28.
LaTeX Info: Redefining \pageref on input line 28.
LaTeX Info: Redefining \nameref on input line 28.

("E:\Fichiers\Work\ENS 2014-2015\Numerical images\MVA_TonalStabilization\Report
\lab_report_1.out")
("E:\Fichiers\Work\ENS 2014-2015\Numerical images\MVA_TonalStabilization\Report
\lab_report_1.out")
\@outlinefile=\write3
LaTeX Info: Redefining \Ref on input line 28.
\c@lstlisting=\count139
Package caption Info: Begin \AtBeginDocument code.
Package caption Info: End \AtBeginDocument code.

*geometry* driver: auto-detecting
*geometry* detected driver: pdftex
*geometry* verbose mode - [ preamble ] result:
* driver: pdftex
* paper: <default>
* layout: <same size as paper>
* layoutoffset:(h,v)=(0.0pt,0.0pt)
* modes: 
* h-part:(L,W,R)=(85.35826pt, 443.57848pt, 85.35826pt)
* v-part:(T,H,B)=(113.81102pt, 573.03842pt, 108.12054pt)
* \paperwidth=614.295pt
* \paperheight=794.96999pt
* \textwidth=443.57848pt
* \textheight=573.03842pt
* \oddsidemargin=13.08827pt
* \evensidemargin=13.08827pt
* \topmargin=4.54103pt
* \headheight=12.0pt
* \headsep=25.0pt
* \topskip=10.0pt
* \footskip=30.0pt
* \marginparwidth=65.0pt
* \marginparsep=11.0pt
* \columnsep=10.0pt
* \skip\footins=9.0pt plus 4.0pt minus 2.0pt
* \hoffset=0.0pt
* \voffset=0.0pt
* \mag=1000
* \@twocolumnfalse
* \@twosidefalse
* \@mparswitchfalse
* \@reversemarginfalse
* (1in=72.27pt=25.4mm, 1cm=28.453pt)

LaTeX Font Info:    Try loading font information for U+msa on input line 31.
("E:\Systeme\Program Files\MikTex\tex\latex\amsfonts\umsa.fd"
File: umsa.fd 2009/06/22 v3.00 AMS symbols A
)
LaTeX Font Info:    Try loading font information for U+msb on input line 31.

("E:\Systeme\Program Files\MikTex\tex\latex\amsfonts\umsb.fd"
File: umsb.fd 2009/06/22 v3.00 AMS symbols B
)
("E:\Fichiers\Work\ENS 2014-2015\Numerical images\MVA_TonalStabilization\Report
\lab_report_1.toc")
\tf@toc=\write4
 [1

{C:/Users/athis/AppData/Local/MiKTeX/2.9/pdftex/config/pdftex.map}]
("E:\Fichiers\Work\ENS 2014-2015\Numerical images\MVA_TonalStabilization\Report
\Chapters/Resume.tex"
Underfull \hbox (badness 10000) in paragraph at lines 3--4

 []

<Chapters/Images/fig_unstable2.png, id=82, 299.61937pt x 200.24812pt>
File: Chapters/Images/fig_unstable2.png Graphic file (type png)

<use Chapters/Images/fig_unstable2.png>
Package pdftex.def Info: Chapters/Images/fig_unstable2.png used on input line 8
.
(pdftex.def)             Requested size: 177.42868pt x 118.58536pt.

<Chapters/Images/fig_unstable22.png, id=83, 299.61937pt x 198.7425pt>
File: Chapters/Images/fig_unstable22.png Graphic file (type png)

<use Chapters/Images/fig_unstable22.png>
Package pdftex.def Info: Chapters/Images/fig_unstable22.png used on input line 
9.
(pdftex.def)             Requested size: 177.42868pt x 117.69374pt.

Underfull \hbox (badness 10000) in paragraph at lines 15--16

 []


Underfull \hbox (badness 10000) in paragraph at lines 17--18

 []


Underfull \hbox (badness 10000) in paragraph at lines 20--21

 []


Underfull \hbox (badness 10000) in paragraph at lines 22--23

 []

) [2

 <E:/Fichiers/Work/ENS 2014-2015/Numerical images/MVA_TonalStabilization/Report
/Chapters/Images/fig_unstable2.png (PNG copy)> <E:/Fichiers/Work/ENS 2014-2015/
Numerical images/MVA_TonalStabilization/Report/Chapters/Images/fig_unstable22.p
ng (PNG copy)>]
("E:\Fichiers\Work\ENS 2014-2015\Numerical images\MVA_TonalStabilization\Report
\Chapters/Proposition.tex"
<Chapters/Images/bilteral_filter1.png, id=92, 457.71pt x 344.03531pt>
File: Chapters/Images/bilteral_filter1.png Graphic file (type png)

<use Chapters/Images/bilteral_filter1.png>
Package pdftex.def Info: Chapters/Images/bilteral_filter1.png used on input lin
e 14.
(pdftex.def)             Requested size: 177.42868pt x 133.36479pt.

<Chapters/Images/bilteral_filter2.png, id=94, 457.71pt x 343.2825pt>
File: Chapters/Images/bilteral_filter2.png Graphic file (type png)

<use Chapters/Images/bilteral_filter2.png>
Package pdftex.def Info: Chapters/Images/bilteral_filter2.png used on input lin
e 15.
(pdftex.def)             Requested size: 177.42868pt x 133.07297pt.

<Chapters/Images/rs1.png, id=97, 456.95718pt x 342.5297pt>
File: Chapters/Images/rs1.png Graphic file (type png)

<use Chapters/Images/rs1.png>
Package pdftex.def Info: Chapters/Images/rs1.png used on input line 35.
(pdftex.def)             Requested size: 119.76808pt x 89.77689pt.

<Chapters/Images/rs2.png, id=98, 456.95718pt x 343.2825pt>
File: Chapters/Images/rs2.png Graphic file (type png)

<use Chapters/Images/rs2.png>
Package pdftex.def Info: Chapters/Images/rs2.png used on input line 36.
(pdftex.def)             Requested size: 119.76808pt x 89.97418pt.

<Chapters/Images/rs3.png, id=99, 449.42906pt x 350.05782pt>
File: Chapters/Images/rs3.png Graphic file (type png)

<use Chapters/Images/rs3.png>
Package pdftex.def Info: Chapters/Images/rs3.png used on input line 37.
(pdftex.def)             Requested size: 119.76808pt x 93.28299pt.
 [3


 <E:/Fichiers/Work/ENS 2014-2015/Numerical images/MVA_TonalStabilization/Report
/Chapters/Images/bilteral_filter1.png> <E:/Fichiers/Work/ENS 2014-2015/Numerica
l images/MVA_TonalStabilization/Report/Chapters/Images/bilteral_filter2.png>]

LaTeX Warning: Citation `fowlkes2004spectral' on page 4 undefined on input line
 74.

[4 <E:/Fichiers/Work/ENS 2014-2015/Numerical images/MVA_TonalStabilization/Repo
rt/Chapters/Images/rs1.png> <E:/Fichiers/Work/ENS 2014-2015/Numerical images/MV
A_TonalStabilization/Report/Chapters/Images/rs2.png> <E:/Fichiers/Work/ENS 2014
-2015/Numerical images/MVA_TonalStabilization/Report/Chapters/Images/rs3.png>]
<Chapters/Images/alignement.png, id=136, 183.68625pt x 105.39375pt>
File: Chapters/Images/alignement.png Graphic file (type png)

<use Chapters/Images/alignement.png>
Package pdftex.def Info: Chapters/Images/alignement.png used on input line 88.
(pdftex.def)             Requested size: 221.78923pt x 127.26468pt.
) [5 <E:/Fichiers/Work/ENS 2014-2015/Numerical images/MVA_TonalStabilization/Re
port/Chapters/Images/alignement.png>]
("E:\Fichiers\Work\ENS 2014-2015\Numerical images\MVA_TonalStabilization\Report
\Chapters/Implementation.tex"
<Chapters/Images/nystrom_synthetic.png, id=146, 142.28156pt x 142.28156pt>
File: Chapters/Images/nystrom_synthetic.png Graphic file (type png)

<use Chapters/Images/nystrom_synthetic.png>
Package pdftex.def Info: Chapters/Images/nystrom_synthetic.png used on input li
ne 12.
(pdftex.def)             Requested size: 88.71434pt x 88.71733pt.

<Chapters/Images/rms.png, id=149, 422.32782pt x 316.18124pt>
File: Chapters/Images/rms.png Graphic file (type png)

<use Chapters/Images/rms.png>
Package pdftex.def Info: Chapters/Images/rms.png used on input line 21.
(pdftex.def)             Requested size: 221.78923pt x 166.0507pt.

<Chapters/Images/eigenvalues.png, id=150, 748.29562pt x 508.14844pt>
File: Chapters/Images/eigenvalues.png Graphic file (type png)

<use Chapters/Images/eigenvalues.png>
Package pdftex.def Info: Chapters/Images/eigenvalues.png used on input line 28.

(pdftex.def)             Requested size: 443.57848pt x 301.2239pt.


LaTeX Font Warning: Font shape `T1/cmr/m/n' in size <6.49994> not available
(Font)              size <6> substituted on input line 29.

[6


 <E:/Fichiers/Work/ENS 2014-2015/Numerical images/MVA_TonalStabilization/Report
/Chapters/Images/nystrom_synthetic.png> <E:/Fichiers/Work/ENS 2014-2015/Numeric
al images/MVA_TonalStabilization/Report/Chapters/Images/rms.png (PNG copy)>]
Underfull \hbox (badness 10000) in paragraph at lines 35--36

 []

<Chapters/Images/Seq_init/1.png, id=161, 299.61937pt x 198.7425pt>
File: Chapters/Images/Seq_init/1.png Graphic file (type png)

<use Chapters/Images/Seq_init/1.png>
Package pdftex.def Info: Chapters/Images/Seq_init/1.png used on input line 41.
(pdftex.def)             Requested size: 88.71434pt x 58.84383pt.

<Chapters/Images/Seq_init/2.png, id=162, 299.61937pt x 198.7425pt>
File: Chapters/Images/Seq_init/2.png Graphic file (type png)

<use Chapters/Images/Seq_init/2.png>
Package pdftex.def Info: Chapters/Images/Seq_init/2.png used on input line 42.
(pdftex.def)             Requested size: 88.71434pt x 58.84383pt.

<Chapters/Images/Seq_init/3.png, id=163, 299.61937pt x 198.7425pt>
File: Chapters/Images/Seq_init/3.png Graphic file (type png)

<use Chapters/Images/Seq_init/3.png>
Package pdftex.def Info: Chapters/Images/Seq_init/3.png used on input line 43.
(pdftex.def)             Requested size: 88.71434pt x 58.84383pt.

<Chapters/Images/Seq_init/4.png, id=164, 299.61937pt x 200.24812pt>
File: Chapters/Images/Seq_init/4.png Graphic file (type png)

<use Chapters/Images/Seq_init/4.png>
Package pdftex.def Info: Chapters/Images/Seq_init/4.png used on input line 44.
(pdftex.def)             Requested size: 88.71434pt x 59.28963pt.

<Chapters/Images/Seq_init/5.png, id=165, 299.61937pt x 200.24812pt>
File: Chapters/Images/Seq_init/5.png Graphic file (type png)

<use Chapters/Images/Seq_init/5.png>
Package pdftex.def Info: Chapters/Images/Seq_init/5.png used on input line 45.
(pdftex.def)             Requested size: 88.71434pt x 59.28963pt.

<Chapters/Images/Seq_cold/1.png, id=166, 299.61937pt x 198.7425pt>
File: Chapters/Images/Seq_cold/1.png Graphic file (type png)

<use Chapters/Images/Seq_cold/1.png>
Package pdftex.def Info: Chapters/Images/Seq_cold/1.png used on input line 47.
(pdftex.def)             Requested size: 88.71434pt x 58.84383pt.

<Chapters/Images/Seq_cold/2.png, id=167, 299.61937pt x 198.7425pt>
File: Chapters/Images/Seq_cold/2.png Graphic file (type png)

<use Chapters/Images/Seq_cold/2.png>
Package pdftex.def Info: Chapters/Images/Seq_cold/2.png used on input line 48.
(pdftex.def)             Requested size: 88.71434pt x 58.84383pt.

<Chapters/Images/Seq_cold/3.png, id=168, 299.61937pt x 198.7425pt>
File: Chapters/Images/Seq_cold/3.png Graphic file (type png)

<use Chapters/Images/Seq_cold/3.png>
Package pdftex.def Info: Chapters/Images/Seq_cold/3.png used on input line 49.
(pdftex.def)             Requested size: 88.71434pt x 58.84383pt.

<Chapters/Images/Seq_cold/4.png, id=169, 299.61937pt x 200.24812pt>
File: Chapters/Images/Seq_cold/4.png Graphic file (type png)

<use Chapters/Images/Seq_cold/4.png>
Package pdftex.def Info: Chapters/Images/Seq_cold/4.png used on input line 50.
(pdftex.def)             Requested size: 88.71434pt x 59.28963pt.

<Chapters/Images/Seq_cold/5.png, id=170, 299.61937pt x 198.7425pt>
File: Chapters/Images/Seq_cold/5.png Graphic file (type png)

<use Chapters/Images/Seq_cold/5.png>
Package pdftex.def Info: Chapters/Images/Seq_cold/5.png used on input line 51.
(pdftex.def)             Requested size: 88.71434pt x 58.84383pt.

<Chapters/Images/Seq_warm/1.png, id=171, 299.61937pt x 200.24812pt>
File: Chapters/Images/Seq_warm/1.png Graphic file (type png)

<use Chapters/Images/Seq_warm/1.png>
Package pdftex.def Info: Chapters/Images/Seq_warm/1.png used on input line 53.
(pdftex.def)             Requested size: 88.71434pt x 59.28963pt.

<Chapters/Images/Seq_warm/2.png, id=172, 299.61937pt x 200.24812pt>
File: Chapters/Images/Seq_warm/2.png Graphic file (type png)

<use Chapters/Images/Seq_warm/2.png>
Package pdftex.def Info: Chapters/Images/Seq_warm/2.png used on input line 54.
(pdftex.def)             Requested size: 88.71434pt x 59.28963pt.

<Chapters/Images/Seq_warm/3.png, id=173, 299.61937pt x 200.24812pt>
File: Chapters/Images/Seq_warm/3.png Graphic file (type png)

<use Chapters/Images/Seq_warm/3.png>
Package pdftex.def Info: Chapters/Images/Seq_warm/3.png used on input line 55.
(pdftex.def)             Requested size: 88.71434pt x 59.28963pt.

<Chapters/Images/Seq_warm/4.png, id=174, 299.61937pt x 199.49532pt>
File: Chapters/Images/Seq_warm/4.png Graphic file (type png)

<use Chapters/Images/Seq_warm/4.png>
Package pdftex.def Info: Chapters/Images/Seq_warm/4.png used on input line 56.
(pdftex.def)             Requested size: 88.71434pt x 59.06673pt.

<Chapters/Images/Seq_warm/5.png, id=175, 299.61937pt x 200.24812pt>
File: Chapters/Images/Seq_warm/5.png Graphic file (type png)

<use Chapters/Images/Seq_warm/5.png>
Package pdftex.def Info: Chapters/Images/Seq_warm/5.png used on input line 57.
(pdftex.def)             Requested size: 88.71434pt x 59.28963pt.

Overfull \hbox (59.99323pt too wide) in paragraph at lines 40--59
[][] 
 []

[7 <E:/Fichiers/Work/ENS 2014-2015/Numerical images/MVA_TonalStabilization/Repo
rt/Chapters/Images/eigenvalues.png>]
Underfull \hbox (badness 10000) in paragraph at lines 63--64

 []


Underfull \hbox (badness 10000) in paragraph at lines 65--66

 []

<Chapters/Images/Seq_ill/2.png, id=186, 265.74281pt x 210.03468pt>
File: Chapters/Images/Seq_ill/2.png Graphic file (type png)

<use Chapters/Images/Seq_ill/2.png>
Package pdftex.def Info: Chapters/Images/Seq_ill/2.png used on input line 70.
(pdftex.def)             Requested size: 88.71434pt x 70.11607pt.

<Chapters/Images/Seq_ill/3.png, id=187, 265.74281pt x 210.03468pt>
File: Chapters/Images/Seq_ill/3.png Graphic file (type png)

<use Chapters/Images/Seq_ill/3.png>
Package pdftex.def Info: Chapters/Images/Seq_ill/3.png used on input line 71.
(pdftex.def)             Requested size: 88.71434pt x 70.11607pt.

<Chapters/Images/Seq_ill/4.png, id=188, 265.74281pt x 210.03468pt>
File: Chapters/Images/Seq_ill/4.png Graphic file (type png)

<use Chapters/Images/Seq_ill/4.png>
Package pdftex.def Info: Chapters/Images/Seq_ill/4.png used on input line 72.
(pdftex.def)             Requested size: 88.71434pt x 70.11607pt.

<Chapters/Images/Seq_ill/5.png, id=189, 265.74281pt x 210.03468pt>
File: Chapters/Images/Seq_ill/5.png Graphic file (type png)

<use Chapters/Images/Seq_ill/5.png>
Package pdftex.def Info: Chapters/Images/Seq_ill/5.png used on input line 73.
(pdftex.def)             Requested size: 88.71434pt x 70.11607pt.

<Chapters/Images/Seq_ill/6.png, id=190, 265.74281pt x 210.03468pt>
File: Chapters/Images/Seq_ill/6.png Graphic file (type png)

<use Chapters/Images/Seq_ill/6.png>
Package pdftex.def Info: Chapters/Images/Seq_ill/6.png used on input line 74.
(pdftex.def)             Requested size: 88.71434pt x 70.11607pt.

<Chapters/Images/Seq_ill_stab/2.png, id=191, 265.74281pt x 210.03468pt>
File: Chapters/Images/Seq_ill_stab/2.png Graphic file (type png)

<use Chapters/Images/Seq_ill_stab/2.png>
Package pdftex.def Info: Chapters/Images/Seq_ill_stab/2.png used on input line 
76.
(pdftex.def)             Requested size: 88.71434pt x 70.11607pt.

<Chapters/Images/Seq_ill_stab/3.png, id=192, 265.74281pt x 210.03468pt>
File: Chapters/Images/Seq_ill_stab/3.png Graphic file (type png)

<use Chapters/Images/Seq_ill_stab/3.png>
Package pdftex.def Info: Chapters/Images/Seq_ill_stab/3.png used on input line 
77.
(pdftex.def)             Requested size: 88.71434pt x 70.11607pt.

<Chapters/Images/Seq_ill_stab/4.png, id=193, 265.74281pt x 210.03468pt>
File: Chapters/Images/Seq_ill_stab/4.png Graphic file (type png)

<use Chapters/Images/Seq_ill_stab/4.png>
Package pdftex.def Info: Chapters/Images/Seq_ill_stab/4.png used on input line 
78.
(pdftex.def)             Requested size: 88.71434pt x 70.11607pt.

<Chapters/Images/Seq_ill_stab/5.png, id=194, 265.74281pt x 210.03468pt>
File: Chapters/Images/Seq_ill_stab/5.png Graphic file (type png)

<use Chapters/Images/Seq_ill_stab/5.png>
Package pdftex.def Info: Chapters/Images/Seq_ill_stab/5.png used on input line 
79.
(pdftex.def)             Requested size: 88.71434pt x 70.11607pt.

<Chapters/Images/Seq_ill_stab/6.png, id=195, 265.74281pt x 210.03468pt>
File: Chapters/Images/Seq_ill_stab/6.png Graphic file (type png)

<use Chapters/Images/Seq_ill_stab/6.png>
Package pdftex.def Info: Chapters/Images/Seq_ill_stab/6.png used on input line 
80.
(pdftex.def)             Requested size: 88.71434pt x 70.11607pt.

Overfull \hbox (59.99323pt too wide) in paragraph at lines 69--83
[][] 
 []


Underfull \hbox (badness 10000) in paragraph at lines 88--89

 []

[8 <E:/Fichiers/Work/ENS 2014-2015/Numerical images/MVA_TonalStabilization/Repo
rt/Chapters/Images/Seq_init/1.png (PNG copy)> <E:/Fichiers/Work/ENS 2014-2015/N
umerical images/MVA_TonalStabilization/Report/Chapters/Images/Seq_init/2.png (P
NG copy)> <E:/Fichiers/Work/ENS 2014-2015/Numerical images/MVA_TonalStabilizati
on/Report/Chapters/Images/Seq_init/3.png (PNG copy)> <E:/Fichiers/Work/ENS 2014
-2015/Numerical images/MVA_TonalStabilization/Report/Chapters/Images/Seq_init/4
.png (PNG copy)> <E:/Fichiers/Work/ENS 2014-2015/Numerical images/MVA_TonalStab
ilization/Report/Chapters/Images/Seq_init/5.png (PNG copy)> <E:/Fichiers/Work/E
NS 2014-2015/Numerical images/MVA_TonalStabilization/Report/Chapters/Images/Seq
_cold/1.png (PNG copy)> <E:/Fichiers/Work/ENS 2014-2015/Numerical images/MVA_To
nalStabilization/Report/Chapters/Images/Seq_cold/2.png (PNG copy)> <E:/Fichiers
/Work/ENS 2014-2015/Numerical images/MVA_TonalStabilization/Report/Chapters/Ima
ges/Seq_cold/3.png (PNG copy)> <E:/Fichiers/Work/ENS 2014-2015/Numerical images
/MVA_TonalStabilization/Report/Chapters/Images/Seq_cold/4.png (PNG copy)> <E:/F
ichiers/Work/ENS 2014-2015/Numerical images/MVA_TonalStabilization/Report/Chapt
ers/Images/Seq_cold/5.png (PNG copy)> <E:/Fichiers/Work/ENS 2014-2015/Numerical
 images/MVA_TonalStabilization/Report/Chapters/Images/Seq_warm/1.png (PNG copy)
> <E:/Fichiers/Work/ENS 2014-2015/Numerical images/MVA_TonalStabilization/Repor
t/Chapters/Images/Seq_warm/2.png (PNG copy)> <E:/Fichiers/Work/ENS 2014-2015/Nu
merical images/MVA_TonalStabilization/Report/Chapters/Images/Seq_warm/3.png (PN
G copy)> <E:/Fichiers/Work/ENS 2014-2015/Numerical images/MVA_TonalStabilizatio
n/Report/Chapters/Images/Seq_warm/4.png (PNG copy)> <E:/Fichiers/Work/ENS 2014-
2015/Numerical images/MVA_TonalStabilization/Report/Chapters/Images/Seq_warm/5.
png (PNG copy)> <E:/Fichiers/Work/ENS 2014-2015/Numerical images/MVA_TonalStabi
lization/Report/Chapters/Images/Seq_ill/2.png (PNG copy)> <E:/Fichiers/Work/ENS
 2014-2015/Numerical images/MVA_TonalStabilization/Report/Chapters/Images/Seq_i
ll/3.png (PNG copy)> <E:/Fichiers/Work/ENS 2014-2015/Numerical images/MVA_Tonal
Stabilization/Report/Chapters/Images/Seq_ill/4.png (PNG copy)> <E:/Fichiers/Wor
k/ENS 2014-2015/Numerical images/MVA_TonalStabilization/Report/Chapters/Images/
Seq_ill/5.png (PNG copy)> <E:/Fichiers/Work/ENS 2014-2015/Numerical images/MVA_
TonalStabilization/Report/Chapters/Images/Seq_ill/6.png (PNG copy)> <E:/Fichier
s/Work/ENS 2014-2015/Numerical images/MVA_TonalStabilization/Report/Chapters/Im
ages/Seq_ill_stab/2.png (PNG copy)> <E:/Fichiers/Work/ENS 2014-2015/Numerical i
mages/MVA_TonalStabilization/Report/Chapters/Images/Seq_ill_stab/3.png (PNG cop
y)> <E:/Fichiers/Work/ENS 2014-2015/Numerical images/MVA_TonalStabilization/Rep
ort/Chapters/Images/Seq_ill_stab/4.png (PNG copy)> <E:/Fichiers/Work/ENS 2014-2
015/Numerical images/MVA_TonalStabilization/Report/Chapters/Images/Seq_ill_stab
/5.png (PNG copy)> <E:/Fichiers/Work/ENS 2014-2015/Numerical images/MVA_TonalSt
abilization/Report/Chapters/Images/Seq_ill_stab/6.png (PNG copy)>]
<Chapters/Images/Seq_temp/1.png, id=202, 299.61937pt x 198.7425pt>
File: Chapters/Images/Seq_temp/1.png Graphic file (type png)

<use Chapters/Images/Seq_temp/1.png>
Package pdftex.def Info: Chapters/Images/Seq_temp/1.png used on input line 94.
(pdftex.def)             Requested size: 88.71434pt x 58.84383pt.

<Chapters/Images/Seq_temp/2.png, id=203, 299.61937pt x 198.7425pt>
File: Chapters/Images/Seq_temp/2.png Graphic file (type png)

<use Chapters/Images/Seq_temp/2.png>
Package pdftex.def Info: Chapters/Images/Seq_temp/2.png used on input line 95.
(pdftex.def)             Requested size: 88.71434pt x 58.84383pt.

<Chapters/Images/Seq_temp/3.png, id=204, 299.61937pt x 198.7425pt>
File: Chapters/Images/Seq_temp/3.png Graphic file (type png)

<use Chapters/Images/Seq_temp/3.png>
Package pdftex.def Info: Chapters/Images/Seq_temp/3.png used on input line 96.
(pdftex.def)             Requested size: 88.71434pt x 58.84383pt.

<Chapters/Images/Seq_temp/4.png, id=205, 299.61937pt x 198.7425pt>
File: Chapters/Images/Seq_temp/4.png Graphic file (type png)

<use Chapters/Images/Seq_temp/4.png>
Package pdftex.def Info: Chapters/Images/Seq_temp/4.png used on input line 97.
(pdftex.def)             Requested size: 88.71434pt x 58.84383pt.

<Chapters/Images/Seq_temp/5.png, id=206, 299.61937pt x 198.7425pt>
File: Chapters/Images/Seq_temp/5.png Graphic file (type png)

<use Chapters/Images/Seq_temp/5.png>
Package pdftex.def Info: Chapters/Images/Seq_temp/5.png used on input line 98.
(pdftex.def)             Requested size: 88.71434pt x 58.84383pt.

<Chapters/Images/Seq_temp_stab/1.png, id=207, 299.61937pt x 198.7425pt>
File: Chapters/Images/Seq_temp_stab/1.png Graphic file (type png)

<use Chapters/Images/Seq_temp_stab/1.png>
Package pdftex.def Info: Chapters/Images/Seq_temp_stab/1.png used on input line
 100.
(pdftex.def)             Requested size: 88.71434pt x 58.84383pt.

<Chapters/Images/Seq_temp_stab/2.png, id=208, 299.61937pt x 198.7425pt>
File: Chapters/Images/Seq_temp_stab/2.png Graphic file (type png)

<use Chapters/Images/Seq_temp_stab/2.png>
Package pdftex.def Info: Chapters/Images/Seq_temp_stab/2.png used on input line
 101.
(pdftex.def)             Requested size: 88.71434pt x 58.84383pt.

<Chapters/Images/Seq_temp_stab/3.png, id=209, 299.61937pt x 198.7425pt>
File: Chapters/Images/Seq_temp_stab/3.png Graphic file (type png)

<use Chapters/Images/Seq_temp_stab/3.png>
Package pdftex.def Info: Chapters/Images/Seq_temp_stab/3.png used on input line
 102.
(pdftex.def)             Requested size: 88.71434pt x 58.84383pt.

<Chapters/Images/Seq_temp_stab/4.png, id=210, 299.61937pt x 198.7425pt>
File: Chapters/Images/Seq_temp_stab/4.png Graphic file (type png)

<use Chapters/Images/Seq_temp_stab/4.png>
Package pdftex.def Info: Chapters/Images/Seq_temp_stab/4.png used on input line
 103.
(pdftex.def)             Requested size: 88.71434pt x 58.84383pt.

<Chapters/Images/Seq_temp_stab/5.png, id=211, 299.61937pt x 200.24812pt>
File: Chapters/Images/Seq_temp_stab/5.png Graphic file (type png)

<use Chapters/Images/Seq_temp_stab/5.png>
Package pdftex.def Info: Chapters/Images/Seq_temp_stab/5.png used on input line
 104.
(pdftex.def)             Requested size: 88.71434pt x 59.28963pt.

Overfull \hbox (59.99323pt too wide) in paragraph at lines 93--107
[][] 
 []

) [9 <E:/Fichiers/Work/ENS 2014-2015/Numerical images/MVA_TonalStabilization/Re
port/Chapters/Images/Seq_temp/1.png (PNG copy)> <E:/Fichiers/Work/ENS 2014-2015
/Numerical images/MVA_TonalStabilization/Report/Chapters/Images/Seq_temp/2.png 
(PNG copy)> <E:/Fichiers/Work/ENS 2014-2015/Numerical images/MVA_TonalStabiliza
tion/Report/Chapters/Images/Seq_temp/3.png (PNG copy)> <E:/Fichiers/Work/ENS 20
14-2015/Numerical images/MVA_TonalStabilization/Report/Chapters/Images/Seq_temp
/4.png (PNG copy)> <E:/Fichiers/Work/ENS 2014-2015/Numerical images/MVA_TonalSt
abilization/Report/Chapters/Images/Seq_temp/5.png (PNG copy)> <E:/Fichiers/Work
/ENS 2014-2015/Numerical images/MVA_TonalStabilization/Report/Chapters/Images/S
eq_temp_stab/1.png (PNG copy)> <E:/Fichiers/Work/ENS 2014-2015/Numerical images
/MVA_TonalStabilization/Report/Chapters/Images/Seq_temp_stab/2.png (PNG copy)> 
<E:/Fichiers/Work/ENS 2014-2015/Numerical images/MVA_TonalStabilization/Report/
Chapters/Images/Seq_temp_stab/3.png (PNG copy)> <E:/Fichiers/Work/ENS 2014-2015
/Numerical images/MVA_TonalStabilization/Report/Chapters/Images/Seq_temp_stab/4
.png (PNG copy)> <E:/Fichiers/Work/ENS 2014-2015/Numerical images/MVA_TonalStab
ilization/Report/Chapters/Images/Seq_temp_stab/5.png (PNG copy)>]
("E:\Fichiers\Work\ENS 2014-2015\Numerical images\MVA_TonalStabilization\Report
\Chapters/Discussions.tex"
Underfull \hbox (badness 10000) in paragraph at lines 3--4

 []


Underfull \hbox (badness 10000) in paragraph at lines 5--6

 []


Underfull \hbox (badness 10000) in paragraph at lines 7--8

 []

) [10


]
No file Chapters/Annexe.tex.

("E:\Fichiers\Work\ENS 2014-2015\Numerical images\MVA_TonalStabilization\Report
\lab_report_1.bbl")
Package atveryend Info: Empty hook `BeforeClearDocument' on input line 51.
 [11



]
Package atveryend Info: Empty hook `AfterLastShipout' on input line 51.

("E:\Fichiers\Work\ENS 2014-2015\Numerical images\MVA_TonalStabilization\Report
\lab_report_1.aux"
("E:\Fichiers\Work\ENS 2014-2015\Numerical images\MVA_TonalStabilization\Report
\Chapters/Resume.aux")
("E:\Fichiers\Work\ENS 2014-2015\Numerical images\MVA_TonalStabilization\Report
\Chapters/Proposition.aux")
("E:\Fichiers\Work\ENS 2014-2015\Numerical images\MVA_TonalStabilization\Report
\Chapters/Implementation.aux")
("E:\Fichiers\Work\ENS 2014-2015\Numerical images\MVA_TonalStabilization\Report
\Chapters/Discussions.aux")
("E:\Fichiers\Work\ENS 2014-2015\Numerical images\MVA_TonalStabilization\Report
\Chapters/Annexe.aux"))
Package atveryend Info: Executing hook `AtVeryEndDocument' on input line 51.
Package atveryend Info: Executing hook `AtEndAfterFileList' on input line 51.
Package rerunfilecheck Info: File `lab_report_1.out' has not changed.
(rerunfilecheck)             Checksum: 7F9B7006FB14D10428309286077D392D;989.


LaTeX Font Warning: Size substitutions with differences
(Font)              up to 0.49994pt have occurred.


LaTeX Warning: There were undefined references.


LaTeX Warning: Label(s) may have changed. Rerun to get cross-references right.

Package atveryend Info: Empty hook `AtVeryVeryEnd' on input line 51.
 ) 
Here is how much of TeX's memory you used:
 9908 strings out of 494045
 151499 string characters out of 3146774
 244958 words of memory out of 3000000
 12966 multiletter control sequences out of 15000+200000
 20395 words of font info for 54 fonts, out of 3000000 for 9000
 715 hyphenation exceptions out of 8191
 36i,11n,39p,603b,377s stack positions out of 5000i,500n,10000p,200000b,50000s
 <C:\Users\athis\AppData\Local\MiKTeX\2.9\fonts\pk\ljfour\jknappen\ec\dpi600\
ecrm0600.pk> <C:\Users\athis\AppData\Local\MiKTeX\2.9\fonts\pk\ljfour\jknappen\
ec\dpi600\ecti1000.pk> <C:\Users\athis\AppData\Local\MiKTeX\2.9\fonts\pk\ljfour
\jknappen\ec\dpi600\eccc1000.pk> <C:\Users\athis\AppData\Local\MiKTeX\2.9\fonts
\pk\ljfour\jknappen\ec\dpi600\ecbx1200.pk> <C:\Users\athis\AppData\Local\MiKTeX
\2.9\fonts\pk\ljfour\jknappen\ec\dpi600\ecrm1000.pk> <C:\Users\athis\AppData\Lo
cal\MiKTeX\2.9\fonts\pk\ljfour\jknappen\ec\dpi600\ecbx1000.pk> <C:\Users\athis\
AppData\Local\MiKTeX\2.9\fonts\pk\ljfour\jknappen\ec\dpi600\ecbx1440.pk> <C:\Us
ers\athis\AppData\Local\MiKTeX\2.9\fonts\pk\ljfour\jknappen\ec\dpi600\eccc1200.
pk> <C:\Users\athis\AppData\Local\MiKTeX\2.9\fonts\pk\ljfour\jknappen\ec\dpi600
\ecrm1200.pk> <C:\Users\athis\AppData\Local\MiKTeX\2.9\fonts\pk\ljfour\jknappen
\ec\dpi600\ecti1728.pk> <C:\Users\athis\AppData\Local\MiKTeX\2.9\fonts\pk\ljfou
r\jknappen\ec\dpi600\ecrm1728.pk><E:/Systeme/Program Files/MikTex/fonts/type1/p
ublic/amsfonts/cm/cmex10.pfb><E:/Systeme/Program Files/MikTex/fonts/type1/publi
c/amsfonts/cm/cmmi10.pfb><E:/Systeme/Program Files/MikTex/fonts/type1/public/am
sfonts/cm/cmmi5.pfb><E:/Systeme/Program Files/MikTex/fonts/type1/public/amsfont
s/cm/cmmi7.pfb><E:/Systeme/Program Files/MikTex/fonts/type1/public/amsfonts/cm/
cmr10.pfb><E:/Systeme/Program Files/MikTex/fonts/type1/public/amsfonts/cm/cmr5.
pfb><E:/Systeme/Program Files/MikTex/fonts/type1/public/amsfonts/cm/cmr7.pfb><E
:/Systeme/Program Files/MikTex/fonts/type1/public/amsfonts/cm/cmsy10.pfb><E:/Sy
steme/Program Files/MikTex/fonts/type1/public/amsfonts/cm/cmsy7.pfb>
Output written on lab_report_1.pdf (11 pages, 3840512 bytes).
PDF statistics:
 585 PDF objects out of 1000 (max. 8388607)
 46 named destinations out of 1000 (max. 500000)
 335 words of extra memory for PDF output out of 10000 (max. 10000000)

